<?xml version="1.0" encoding="UTF-8"?>
<!-- Generated by org.testng.reporters.JUnitReportReporter -->
<testsuite hostname="sushils-MacBook-Air.local" failures="0" tests="1" name="runners.BasicRunner" time="116.668" errors="0" timestamp="2021-02-18T23:14:54 IST" skipped="0">
  <testcase classname="runners.BasicRunner" name="feature" time="116.668"/>
  <system-out/>
</testsuite> <!-- runners.BasicRunner -->
