<?xml version="1.0" encoding="UTF-8"?>
<!-- Generated by org.testng.reporters.JUnitReportReporter -->
<testsuite hostname="sushils-MacBook-Air.local" failures="0" tests="1" name="runners.BasicRunner" time="26.096" errors="0" timestamp="2021-02-07T23:04:13 IST" skipped="0">
  <testcase classname="runners.BasicRunner" name="feature" time="26.096"/>
  <system-out/>
</testsuite> <!-- runners.BasicRunner -->
